# JRE version: OpenJDK Runtime Environment (11.0.10) (build 11.0.10+0-b96-7249189)
# Java VM: OpenJDK 64-Bit Server VM (11.0.10+0-b96-7249189, mixed mode, tiered, compressed oops, g1 gc, windows-amd64)
Heap:
 garbage-first heap   total 393216K, used 77921K [0x00000000a0000000, 0x0000000100000000)
  region size 1024K, 52 young (53248K), 19 survivors (19456K)
 Metaspace       used 59930K, capacity 61240K, committed 61312K, reserved 1101824K
  class space    used 7542K, capacity 8009K, committed 8064K, reserved 1048576K
GC Heap History (12 events):
Event: 1.729 GC heap before
{Heap before GC invocations=0 (full 0):
 garbage-first heap   total 393216K, used 29696K [0x00000000a0000000, 0x0000000100000000)
  region size 1024K, 24 young (24576K), 0 survivors (0K)
 Metaspace       used 10733K, capacity 10950K, committed 11264K, reserved 1058816K
  class space    used 1135K, capacity 1202K, committed 1280K, reserved 1048576K
}
Event: 1.813 GC heap after
{Heap after GC invocations=1 (full 0):
 garbage-first heap   total 393216K, used 9372K [0x00000000a0000000, 0x0000000100000000)
  region size 1024K, 3 young (3072K), 3 survivors (3072K)
 Metaspace       used 10733K, capacity 10950K, committed 11264K, reserved 1058816K
  class space    used 1135K, capacity 1202K, committed 1280K, reserved 1048576K
}
Event: 15.005 GC heap before
{Heap before GC invocations=1 (full 0):
 garbage-first heap   total 393216K, used 91292K [0x00000000a0000000, 0x0000000100000000)
  region size 1024K, 85 young (87040K), 3 survivors (3072K)
 Metaspace       used 20632K, capacity 21071K, committed 21248K, reserved 1067008K
  class space    used 2531K, capacity 2693K, committed 2816K, reserved 1048576K
}
Event: 15.013 GC heap after
{Heap after GC invocations=2 (full 0):
 garbage-first heap   total 393216K, used 15839K [0x00000000a0000000, 0x0000000100000000)
  region size 1024K, 10 young (10240K), 10 survivors (10240K)
 Metaspace       used 20632K, capacity 21071K, committed 21248K, reserved 1067008K
  class space    used 2531K, capacity 2693K, committed 2816K, reserved 1048576K
}
Event: 18.015 GC heap before
{Heap before GC invocations=3 (full 0):
 garbage-first heap   total 393216K, used 77279K [0x00000000a0000000, 0x0000000100000000)
  region size 1024K, 71 young (72704K), 10 survivors (10240K)
 Metaspace       used 27239K, capacity 27845K, committed 27904K, reserved 1073152K
  class space    used 3579K, capacity 3806K, committed 3840K, reserved 1048576K
}
Event: 18.023 GC heap after
{Heap after GC invocations=4 (full 0):
 garbage-first heap   total 393216K, used 18367K [0x00000000a0000000, 0x0000000100000000)
  region size 1024K, 3 young (3072K), 3 survivors (3072K)
 Metaspace       used 27239K, capacity 27845K, committed 27904K, reserved 1073152K
  class space    used 3579K, capacity 3806K, committed 3840K, reserved 1048576K
}
Event: 19.187 GC heap before
{Heap before GC invocations=4 (full 0):
 garbage-first heap   total 393216K, used 59327K [0x00000000a0000000, 0x0000000100000000)
  region size 1024K, 42 young (43008K), 3 survivors (3072K)
 Metaspace       used 35108K, capacity 35735K, committed 35840K, reserved 1081344K
  class space    used 4519K, capacity 4775K, committed 4864K, reserved 1048576K
}
Event: 19.197 GC heap after
{Heap after GC invocations=5 (full 0):
 garbage-first heap   total 393216K, used 23382K [0x00000000a0000000, 0x0000000100000000)
  region size 1024K, 6 young (6144K), 6 survivors (6144K)
 Metaspace       used 35108K, capacity 35735K, committed 35840K, reserved 1081344K
  class space    used 4519K, capacity 4775K, committed 4864K, reserved 1048576K
}
Event: 21.902 GC heap before
{Heap before GC invocations=6 (full 0):
 garbage-first heap   total 393216K, used 124758K [0x00000000a0000000, 0x0000000100000000)
  region size 1024K, 105 young (107520K), 6 survivors (6144K)
 Metaspace       used 43960K, capacity 44861K, committed 44928K, reserved 1087488K
  class space    used 5625K, capacity 5959K, committed 6016K, reserved 1048576K
}
Event: 21.923 GC heap after
{Heap after GC invocations=7 (full 0):
 garbage-first heap   total 393216K, used 27364K [0x00000000a0000000, 0x0000000100000000)
  region size 1024K, 12 young (12288K), 12 survivors (12288K)
 Metaspace       used 43960K, capacity 44861K, committed 44928K, reserved 1087488K
  class space    used 5625K, capacity 5959K, committed 6016K, reserved 1048576K
}
Event: 26.847 GC heap before
{Heap before GC invocations=8 (full 0):
 garbage-first heap   total 393216K, used 175844K [0x00000000a0000000, 0x0000000100000000)
  region size 1024K, 152 young (155648K), 12 survivors (12288K)
 Metaspace       used 55225K, capacity 56541K, committed 56704K, reserved 1097728K
  class space    used 7017K, capacity 7469K, committed 7552K, reserved 1048576K
}
Event: 26.862 GC heap after
{Heap after GC invocations=9 (full 0):
 garbage-first heap   total 393216K, used 44129K [0x00000000a0000000, 0x0000000100000000)
  region size 1024K, 19 young (19456K), 19 survivors (19456K)
 Metaspace       used 55225K, capacity 56541K, committed 56704K, reserved 1097728K
  class space    used 7017K, capacity 7469K, committed 7552K, reserved 1048576K
}

